<?xml version="1.0" encoding="UTF-8"?>
<!-- Generated by org.testng.reporters.JUnitReportReporter -->
<testsuite name="com.qait.Maven.TestMaven.NewTest" tests="1" time="9.683" ignored="0" failures="0" timestamp="21 Jun 2018 20:48:05 GMT" skipped="0" hostname="HSROCKS" errors="0">
  <testcase name="f" time="9.683" classname="com.qait.Maven.TestMaven.NewTest"/>
</testsuite> <!-- com.qait.Maven.TestMaven.NewTest -->
